# JRE version: OpenJDK Runtime Environment Temurin-21.0.8+9 (21.0.8+9) (build 21.0.8+9-LTS)
# Java VM: OpenJDK 64-Bit Server VM Temurin-21.0.8+9 (21.0.8+9-LTS, mixed mode, sharing, tiered, compressed oops, compressed class ptrs, parallel gc, windows-amd64)
GC Precious Log:
 CardTable entry size: 512
 CPUs: 8 total, 8 available
 Memory: 7985M
 Large Page Support: Disabled
 NUMA Support: Disabled
 Compressed Oops: Enabled (32-bit)
 Alignments: Space 512K, Generation 512K, Heap 2M
 Heap Min Capacity: 100M
 Heap Initial Capacity: 100M
 Heap Max Capacity: 2G
 Pre-touch: Disabled
 Parallel Workers: 8
Heap:
 PSYoungGen      total 14336K, used 2875K [0x00000000d5580000, 0x00000000d6600000, 0x0000000100000000)
  eden space 13824K, 18% used [0x00000000d5580000,0x00000000d580ecc0,0x00000000d6300000)
  from space 512K, 50% used [0x00000000d6580000,0x00000000d65c0000,0x00000000d6600000)
  to   space 512K, 0% used [0x00000000d6500000,0x00000000d6500000,0x00000000d6580000)
 ParOldGen       total 94720K, used 93648K [0x0000000080000000, 0x0000000085c80000, 0x00000000d5580000)
  object space 94720K, 98% used [0x0000000080000000,0x0000000085b74338,0x0000000085c80000)
 Metaspace       used 67389K, committed 69056K, reserved 1114112K
  class space    used 7251K, committed 8000K, reserved 1048576K
GC Heap History (20 events):
Event: 38.139 GC heap before
{Heap before GC invocations=100 (full 3):
 PSYoungGen      total 14336K, used 14336K [0x00000000d5580000, 0x00000000d6680000, 0x0000000100000000)
  eden space 13824K, 100% used [0x00000000d5580000,0x00000000d6300000,0x00000000d6300000)
  from space 512K, 100% used [0x00000000d6600000,0x00000000d6680000,0x00000000d6680000)
  to   space 1536K, 0% used [0x00000000d6380000,0x00000000d6380000,0x00000000d6500000)
 ParOldGen       total 88576K, used 88347K [0x0000000080000000, 0x0000000085680000, 0x00000000d5580000)
  object space 88576K, 99% used [0x0000000080000000,0x0000000085646c50,0x0000000085680000)
 Metaspace       used 67131K, committed 68672K, reserved 1114112K
  class space    used 7240K, committed 7936K, reserved 1048576K
}
Event: 38.140 GC heap after
{Heap after GC invocations=100 (full 3):
 PSYoungGen      total 15360K, used 896K [0x00000000d5580000, 0x00000000d6680000, 0x0000000100000000)
  eden space 13824K, 0% used [0x00000000d5580000,0x00000000d5580000,0x00000000d6300000)
  from space 1536K, 58% used [0x00000000d6380000,0x00000000d6460000,0x00000000d6500000)
  to   space 1024K, 0% used [0x00000000d6580000,0x00000000d6580000,0x00000000d6680000)
 ParOldGen       total 89088K, used 88835K [0x0000000080000000, 0x0000000085700000, 0x00000000d5580000)
  object space 89088K, 99% used [0x0000000080000000,0x00000000856c0c50,0x0000000085700000)
 Metaspace       used 67131K, committed 68672K, reserved 1114112K
  class space    used 7240K, committed 7936K, reserved 1048576K
}
Event: 38.178 GC heap before
{Heap before GC invocations=101 (full 3):
 PSYoungGen      total 15360K, used 14720K [0x00000000d5580000, 0x00000000d6680000, 0x0000000100000000)
  eden space 13824K, 100% used [0x00000000d5580000,0x00000000d6300000,0x00000000d6300000)
  from space 1536K, 58% used [0x00000000d6380000,0x00000000d6460000,0x00000000d6500000)
  to   space 1024K, 0% used [0x00000000d6580000,0x00000000d6580000,0x00000000d6680000)
 ParOldGen       total 89088K, used 88835K [0x0000000080000000, 0x0000000085700000, 0x00000000d5580000)
  object space 89088K, 99% used [0x0000000080000000,0x00000000856c0c50,0x0000000085700000)
 Metaspace       used 67166K, committed 68736K, reserved 1114112K
  class space    used 7241K, committed 7936K, reserved 1048576K
}
Event: 38.179 GC heap after
{Heap after GC invocations=101 (full 3):
 PSYoungGen      total 14336K, used 224K [0x00000000d5580000, 0x00000000d6600000, 0x0000000100000000)
  eden space 13824K, 0% used [0x00000000d5580000,0x00000000d5580000,0x00000000d6300000)
  from space 512K, 43% used [0x00000000d6580000,0x00000000d65b8000,0x00000000d6600000)
  to   space 512K, 0% used [0x00000000d6500000,0x00000000d6500000,0x00000000d6580000)
 ParOldGen       total 89600K, used 89515K [0x0000000080000000, 0x0000000085780000, 0x00000000d5580000)
  object space 89600K, 99% used [0x0000000080000000,0x000000008576ac50,0x0000000085780000)
 Metaspace       used 67166K, committed 68736K, reserved 1114112K
  class space    used 7241K, committed 7936K, reserved 1048576K
}
Event: 38.207 GC heap before
{Heap before GC invocations=102 (full 3):
 PSYoungGen      total 14336K, used 13488K [0x00000000d5580000, 0x00000000d6600000, 0x0000000100000000)
  eden space 13824K, 95% used [0x00000000d5580000,0x00000000d6274088,0x00000000d6300000)
  from space 512K, 43% used [0x00000000d6580000,0x00000000d65b8000,0x00000000d6600000)
  to   space 512K, 0% used [0x00000000d6500000,0x00000000d6500000,0x00000000d6580000)
 ParOldGen       total 89600K, used 89515K [0x0000000080000000, 0x0000000085780000, 0x00000000d5580000)
  object space 89600K, 99% used [0x0000000080000000,0x000000008576ac50,0x0000000085780000)
 Metaspace       used 67172K, committed 68736K, reserved 1114112K
  class space    used 7241K, committed 7936K, reserved 1048576K
}
Event: 38.208 GC heap after
{Heap after GC invocations=102 (full 3):
 PSYoungGen      total 14336K, used 224K [0x00000000d5580000, 0x00000000d6600000, 0x0000000100000000)
  eden space 13824K, 0% used [0x00000000d5580000,0x00000000d5580000,0x00000000d6300000)
  from space 512K, 43% used [0x00000000d6500000,0x00000000d6538000,0x00000000d6580000)
  to   space 512K, 0% used [0x00000000d6580000,0x00000000d6580000,0x00000000d6600000)
 ParOldGen       total 89600K, used 89571K [0x0000000080000000, 0x0000000085780000, 0x00000000d5580000)
  object space 89600K, 99% used [0x0000000080000000,0x0000000085778c50,0x0000000085780000)
 Metaspace       used 67172K, committed 68736K, reserved 1114112K
  class space    used 7241K, committed 7936K, reserved 1048576K
}
Event: 38.238 GC heap before
{Heap before GC invocations=103 (full 3):
 PSYoungGen      total 14336K, used 14048K [0x00000000d5580000, 0x00000000d6600000, 0x0000000100000000)
  eden space 13824K, 100% used [0x00000000d5580000,0x00000000d6300000,0x00000000d6300000)
  from space 512K, 43% used [0x00000000d6500000,0x00000000d6538000,0x00000000d6580000)
  to   space 512K, 0% used [0x00000000d6580000,0x00000000d6580000,0x00000000d6600000)
 ParOldGen       total 89600K, used 89571K [0x0000000080000000, 0x0000000085780000, 0x00000000d5580000)
  object space 89600K, 99% used [0x0000000080000000,0x0000000085778c50,0x0000000085780000)
 Metaspace       used 67175K, committed 68736K, reserved 1114112K
  class space    used 7241K, committed 7936K, reserved 1048576K
}
Event: 38.238 GC heap after
{Heap after GC invocations=103 (full 3):
 PSYoungGen      total 14336K, used 448K [0x00000000d5580000, 0x00000000d6600000, 0x0000000100000000)
  eden space 13824K, 0% used [0x00000000d5580000,0x00000000d5580000,0x00000000d6300000)
  from space 512K, 87% used [0x00000000d6580000,0x00000000d65f0000,0x00000000d6600000)
  to   space 512K, 0% used [0x00000000d6500000,0x00000000d6500000,0x00000000d6580000)
 ParOldGen       total 89600K, used 89587K [0x0000000080000000, 0x0000000085780000, 0x00000000d5580000)
  object space 89600K, 99% used [0x0000000080000000,0x000000008577cc50,0x0000000085780000)
 Metaspace       used 67175K, committed 68736K, reserved 1114112K
  class space    used 7241K, committed 7936K, reserved 1048576K
}
Event: 38.274 GC heap before
{Heap before GC invocations=104 (full 3):
 PSYoungGen      total 14336K, used 14272K [0x00000000d5580000, 0x00000000d6600000, 0x0000000100000000)
  eden space 13824K, 100% used [0x00000000d5580000,0x00000000d6300000,0x00000000d6300000)
  from space 512K, 87% used [0x00000000d6580000,0x00000000d65f0000,0x00000000d6600000)
  to   space 512K, 0% used [0x00000000d6500000,0x00000000d6500000,0x00000000d6580000)
 ParOldGen       total 89600K, used 89587K [0x0000000080000000, 0x0000000085780000, 0x00000000d5580000)
  object space 89600K, 99% used [0x0000000080000000,0x000000008577cc50,0x0000000085780000)
 Metaspace       used 67193K, committed 68736K, reserved 1114112K
  class space    used 7241K, committed 7936K, reserved 1048576K
}
Event: 38.275 GC heap after
{Heap after GC invocations=104 (full 3):
 PSYoungGen      total 14336K, used 224K [0x00000000d5580000, 0x00000000d6600000, 0x0000000100000000)
  eden space 13824K, 0% used [0x00000000d5580000,0x00000000d5580000,0x00000000d6300000)
  from space 512K, 43% used [0x00000000d6500000,0x00000000d6538000,0x00000000d6580000)
  to   space 512K, 0% used [0x00000000d6580000,0x00000000d6580000,0x00000000d6600000)
 ParOldGen       total 90112K, used 89667K [0x0000000080000000, 0x0000000085800000, 0x00000000d5580000)
  object space 90112K, 99% used [0x0000000080000000,0x0000000085790c50,0x0000000085800000)
 Metaspace       used 67193K, committed 68736K, reserved 1114112K
  class space    used 7241K, committed 7936K, reserved 1048576K
}
Event: 38.302 GC heap before
{Heap before GC invocations=105 (full 3):
 PSYoungGen      total 14336K, used 13413K [0x00000000d5580000, 0x00000000d6600000, 0x0000000100000000)
  eden space 13824K, 95% used [0x00000000d5580000,0x00000000d6261608,0x00000000d6300000)
  from space 512K, 43% used [0x00000000d6500000,0x00000000d6538000,0x00000000d6580000)
  to   space 512K, 0% used [0x00000000d6580000,0x00000000d6580000,0x00000000d6600000)
 ParOldGen       total 90112K, used 89667K [0x0000000080000000, 0x0000000085800000, 0x00000000d5580000)
  object space 90112K, 99% used [0x0000000080000000,0x0000000085790c50,0x0000000085800000)
 Metaspace       used 67214K, committed 68736K, reserved 1114112K
  class space    used 7241K, committed 7936K, reserved 1048576K
}
Event: 38.303 GC heap after
{Heap after GC invocations=105 (full 3):
 PSYoungGen      total 14336K, used 224K [0x00000000d5580000, 0x00000000d6600000, 0x0000000100000000)
  eden space 13824K, 0% used [0x00000000d5580000,0x00000000d5580000,0x00000000d6300000)
  from space 512K, 43% used [0x00000000d6580000,0x00000000d65b8000,0x00000000d6600000)
  to   space 512K, 0% used [0x00000000d6500000,0x00000000d6500000,0x00000000d6580000)
 ParOldGen       total 90112K, used 89739K [0x0000000080000000, 0x0000000085800000, 0x00000000d5580000)
  object space 90112K, 99% used [0x0000000080000000,0x00000000857a2c50,0x0000000085800000)
 Metaspace       used 67214K, committed 68736K, reserved 1114112K
  class space    used 7241K, committed 7936K, reserved 1048576K
}
Event: 38.407 GC heap before
{Heap before GC invocations=106 (full 3):
 PSYoungGen      total 14336K, used 14048K [0x00000000d5580000, 0x00000000d6600000, 0x0000000100000000)
  eden space 13824K, 100% used [0x00000000d5580000,0x00000000d6300000,0x00000000d6300000)
  from space 512K, 43% used [0x00000000d6580000,0x00000000d65b8000,0x00000000d6600000)
  to   space 512K, 0% used [0x00000000d6500000,0x00000000d6500000,0x00000000d6580000)
 ParOldGen       total 90112K, used 89739K [0x0000000080000000, 0x0000000085800000, 0x00000000d5580000)
  object space 90112K, 99% used [0x0000000080000000,0x00000000857a2c50,0x0000000085800000)
 Metaspace       used 67283K, committed 68864K, reserved 1114112K
  class space    used 7249K, committed 8000K, reserved 1048576K
}
Event: 38.408 GC heap after
{Heap after GC invocations=106 (full 3):
 PSYoungGen      total 14336K, used 512K [0x00000000d5580000, 0x00000000d6600000, 0x0000000100000000)
  eden space 13824K, 0% used [0x00000000d5580000,0x00000000d5580000,0x00000000d6300000)
  from space 512K, 100% used [0x00000000d6500000,0x00000000d6580000,0x00000000d6580000)
  to   space 512K, 0% used [0x00000000d6580000,0x00000000d6580000,0x00000000d6600000)
 ParOldGen       total 90112K, used 89843K [0x0000000080000000, 0x0000000085800000, 0x00000000d5580000)
  object space 90112K, 99% used [0x0000000080000000,0x00000000857bcc50,0x0000000085800000)
 Metaspace       used 67283K, committed 68864K, reserved 1114112K
  class space    used 7249K, committed 8000K, reserved 1048576K
}
Event: 38.450 GC heap before
{Heap before GC invocations=107 (full 3):
 PSYoungGen      total 14336K, used 14336K [0x00000000d5580000, 0x00000000d6600000, 0x0000000100000000)
  eden space 13824K, 100% used [0x00000000d5580000,0x00000000d6300000,0x00000000d6300000)
  from space 512K, 100% used [0x00000000d6500000,0x00000000d6580000,0x00000000d6580000)
  to   space 512K, 0% used [0x00000000d6580000,0x00000000d6580000,0x00000000d6600000)
 ParOldGen       total 90112K, used 89843K [0x0000000080000000, 0x0000000085800000, 0x00000000d5580000)
  object space 90112K, 99% used [0x0000000080000000,0x00000000857bcc50,0x0000000085800000)
 Metaspace       used 67313K, committed 68928K, reserved 1114112K
  class space    used 7249K, committed 8000K, reserved 1048576K
}
Event: 38.451 GC heap after
{Heap after GC invocations=107 (full 3):
 PSYoungGen      total 14336K, used 288K [0x00000000d5580000, 0x00000000d6600000, 0x0000000100000000)
  eden space 13824K, 0% used [0x00000000d5580000,0x00000000d5580000,0x00000000d6300000)
  from space 512K, 56% used [0x00000000d6580000,0x00000000d65c8000,0x00000000d6600000)
  to   space 512K, 0% used [0x00000000d6500000,0x00000000d6500000,0x00000000d6580000)
 ParOldGen       total 90624K, used 90325K [0x0000000080000000, 0x0000000085880000, 0x00000000d5580000)
  object space 90624K, 99% used [0x0000000080000000,0x00000000858356a8,0x0000000085880000)
 Metaspace       used 67313K, committed 68928K, reserved 1114112K
  class space    used 7249K, committed 8000K, reserved 1048576K
}
Event: 38.500 GC heap before
{Heap before GC invocations=108 (full 3):
 PSYoungGen      total 14336K, used 13049K [0x00000000d5580000, 0x00000000d6600000, 0x0000000100000000)
  eden space 13824K, 92% used [0x00000000d5580000,0x00000000d61f65b8,0x00000000d6300000)
  from space 512K, 56% used [0x00000000d6580000,0x00000000d65c8000,0x00000000d6600000)
  to   space 512K, 0% used [0x00000000d6500000,0x00000000d6500000,0x00000000d6580000)
 ParOldGen       total 90624K, used 90325K [0x0000000080000000, 0x0000000085880000, 0x00000000d5580000)
  object space 90624K, 99% used [0x0000000080000000,0x00000000858356a8,0x0000000085880000)
 Metaspace       used 67319K, committed 68928K, reserved 1114112K
  class space    used 7249K, committed 8000K, reserved 1048576K
}
Event: 38.501 GC heap after
{Heap after GC invocations=108 (full 3):
 PSYoungGen      total 14336K, used 256K [0x00000000d5580000, 0x00000000d6600000, 0x0000000100000000)
  eden space 13824K, 0% used [0x00000000d5580000,0x00000000d5580000,0x00000000d6300000)
  from space 512K, 50% used [0x00000000d6500000,0x00000000d6540000,0x00000000d6580000)
  to   space 512K, 0% used [0x00000000d6580000,0x00000000d6580000,0x00000000d6600000)
 ParOldGen       total 90624K, used 90477K [0x0000000080000000, 0x0000000085880000, 0x00000000d5580000)
  object space 90624K, 99% used [0x0000000080000000,0x000000008585b6a8,0x0000000085880000)
 Metaspace       used 67319K, committed 68928K, reserved 1114112K
  class space    used 7249K, committed 8000K, reserved 1048576K
}
Event: 38.533 GC heap before
{Heap before GC invocations=109 (full 3):
 PSYoungGen      total 14336K, used 13908K [0x00000000d5580000, 0x00000000d6600000, 0x0000000100000000)
  eden space 13824K, 98% used [0x00000000d5580000,0x00000000d62d5308,0x00000000d6300000)
  from space 512K, 50% used [0x00000000d6500000,0x00000000d6540000,0x00000000d6580000)
  to   space 512K, 0% used [0x00000000d6580000,0x00000000d6580000,0x00000000d6600000)
 ParOldGen       total 90624K, used 90477K [0x0000000080000000, 0x0000000085880000, 0x00000000d5580000)
  object space 90624K, 99% used [0x0000000080000000,0x000000008585b6a8,0x0000000085880000)
 Metaspace       used 67324K, committed 68928K, reserved 1114112K
  class space    used 7250K, committed 8000K, reserved 1048576K
}
Event: 38.535 GC heap after
{Heap after GC invocations=109 (full 3):
 PSYoungGen      total 14336K, used 256K [0x00000000d5580000, 0x00000000d6600000, 0x0000000100000000)
  eden space 13824K, 0% used [0x00000000d5580000,0x00000000d5580000,0x00000000d6300000)
  from space 512K, 50% used [0x00000000d6580000,0x00000000d65c0000,0x00000000d6600000)
  to   space 512K, 0% used [0x00000000d6500000,0x00000000d6500000,0x00000000d6580000)
 ParOldGen       total 94720K, used 93648K [0x0000000080000000, 0x0000000085c80000, 0x00000000d5580000)
  object space 94720K, 98% used [0x0000000080000000,0x0000000085b74338,0x0000000085c80000)
 Metaspace       used 67324K, committed 68928K, reserved 1114112K
  class space    used 7250K, committed 8000K, reserved 1048576K
}

